  Imgui.cpp
C:\Users\mrspe\Imgui\Tilemap.h(53,69): warning C4244: 'argument': conversion from 'unsigned int' to 'T', possible loss of data
          with
          [
              T=float
          ]
C:\Users\mrspe\Imgui\Tilemap.h(53,51): warning C4244: 'argument': conversion from 'unsigned int' to 'T', possible loss of data
          with
          [
              T=float
          ]
C:\Users\mrspe\Imgui\Tilemap.h(54,75): warning C4244: 'argument': conversion from 'unsigned int' to 'T', possible loss of data
          with
          [
              T=float
          ]
C:\Users\mrspe\Imgui\Tilemap.h(54,57): warning C4244: 'argument': conversion from 'unsigned int' to 'T', possible loss of data
          with
          [
              T=float
          ]
C:\Users\mrspe\Imgui\Tilemap.h(55,81): warning C4244: 'argument': conversion from 'unsigned int' to 'T', possible loss of data
          with
          [
              T=float
          ]
C:\Users\mrspe\Imgui\Tilemap.h(55,57): warning C4244: 'argument': conversion from 'unsigned int' to 'T', possible loss of data
          with
          [
              T=float
          ]
C:\Users\mrspe\Imgui\Tilemap.h(56,75): warning C4244: 'argument': conversion from 'unsigned int' to 'T', possible loss of data
          with
          [
              T=float
          ]
C:\Users\mrspe\Imgui\Tilemap.h(56,51): warning C4244: 'argument': conversion from 'unsigned int' to 'T', possible loss of data
          with
          [
              T=float
          ]
C:\Users\mrspe\Imgui\Tilemap.h(59,72): warning C4244: 'argument': conversion from 'T' to 'T', possible loss of data
          with
          [
              T=unsigned int
          ]
          and
          [
              T=float
          ]
C:\Users\mrspe\Imgui\Tilemap.h(59,53): warning C4244: 'argument': conversion from 'T' to 'T', possible loss of data
          with
          [
              T=unsigned int
          ]
          and
          [
              T=float
          ]
C:\Users\mrspe\Imgui\Tilemap.h(60,78): warning C4244: 'argument': conversion from 'T' to 'T', possible loss of data
          with
          [
              T=unsigned int
          ]
          and
          [
              T=float
          ]
C:\Users\mrspe\Imgui\Tilemap.h(60,59): warning C4244: 'argument': conversion from 'T' to 'T', possible loss of data
          with
          [
              T=unsigned int
          ]
          and
          [
              T=float
          ]
C:\Users\mrspe\Imgui\Tilemap.h(61,84): warning C4244: 'argument': conversion from 'T' to 'T', possible loss of data
          with
          [
              T=unsigned int
          ]
          and
          [
              T=float
          ]
C:\Users\mrspe\Imgui\Tilemap.h(61,59): warning C4244: 'argument': conversion from 'T' to 'T', possible loss of data
          with
          [
              T=unsigned int
          ]
          and
          [
              T=float
          ]
C:\Users\mrspe\Imgui\Tilemap.h(62,78): warning C4244: 'argument': conversion from 'T' to 'T', possible loss of data
          with
          [
              T=unsigned int
          ]
          and
          [
              T=float
          ]
C:\Users\mrspe\Imgui\Tilemap.h(62,53): warning C4244: 'argument': conversion from 'T' to 'T', possible loss of data
          with
          [
              T=unsigned int
          ]
          and
          [
              T=float
          ]
C:\Users\mrspe\Imgui\Tilemap.h(69,42): warning C4018: '<': signed/unsigned mismatch
C:\Users\mrspe\Imgui\Tilemap.h(69,85): warning C4018: '<': signed/unsigned mismatch
  Imgui.vcxproj -> C:\Users\mrspe\Imgui\Debug\Imgui.exe
